<?xml version="1.0" encoding="UTF-8"?>
<coverage generated="1653241416871" clover="3.2.0">
  <project timestamp="1653241416871" name="All files">
    <metrics statements="38" coveredstatements="34" conditionals="9" coveredconditionals="8" methods="16" coveredmethods="14" elements="63" coveredelements="56" complexity="0" loc="38" ncloc="38" packages="1" files="4" classes="4"/>
    <file name="bike.js" path="/Users/jonnyabrams/Projects/docking-station/src/bike.js">
      <metrics statements="3" coveredstatements="3" conditionals="0" coveredconditionals="0" methods="2" coveredmethods="2"/>
      <line num="3" count="1" type="stmt"/>
      <line num="7" count="1" type="stmt"/>
      <line num="11" count="2" type="stmt"/>
    </file>
    <file name="dockingStation.js" path="/Users/jonnyabrams/Projects/docking-station/src/dockingStation.js">
      <metrics statements="21" coveredstatements="17" conditionals="8" coveredconditionals="7" methods="6" coveredmethods="4"/>
      <line num="1" count="1" type="stmt"/>
      <line num="2" count="1" type="stmt"/>
      <line num="6" count="2" type="stmt"/>
      <line num="7" count="2" type="stmt"/>
      <line num="8" count="2" type="stmt"/>
      <line num="12" count="7" type="cond" truecount="2" falsecount="0"/>
      <line num="13" count="6" type="stmt"/>
      <line num="17" count="5" type="cond" truecount="2" falsecount="0"/>
      <line num="19" count="2" type="stmt"/>
      <line num="20" count="2" type="stmt"/>
      <line num="24" count="0" type="stmt"/>
      <line num="25" count="0" type="stmt"/>
      <line num="27" count="0" type="stmt"/>
      <line num="31" count="7" type="stmt"/>
      <line num="35" count="5" type="stmt"/>
      <line num="39" count="2" type="stmt"/>
      <line num="40" count="6" type="cond" truecount="1" falsecount="1"/>
      <line num="41" count="6" type="stmt"/>
      <line num="43" count="6" type="stmt"/>
      <line num="46" count="0" type="stmt"/>
      <line num="51" count="1" type="stmt"/>
    </file>
    <file name="garage.js" path="/Users/jonnyabrams/Projects/docking-station/src/garage.js">
      <metrics statements="4" coveredstatements="4" conditionals="0" coveredconditionals="0" methods="3" coveredmethods="3"/>
      <line num="3" count="4" type="stmt"/>
      <line num="7" count="1" type="stmt"/>
      <line num="8" count="2" type="stmt"/>
      <line num="13" count="3" type="stmt"/>
    </file>
    <file name="van.js" path="/Users/jonnyabrams/Projects/docking-station/src/van.js">
      <metrics statements="10" coveredstatements="10" conditionals="1" coveredconditionals="1" methods="5" coveredmethods="5"/>
      <line num="1" count="2" type="stmt"/>
      <line num="5" count="3" type="stmt"/>
      <line num="6" count="3" type="stmt"/>
      <line num="10" count="1" type="stmt"/>
      <line num="11" count="2" type="stmt"/>
      <line num="13" count="1" type="stmt"/>
      <line num="17" count="1" type="stmt"/>
      <line num="18" count="2" type="stmt"/>
      <line num="20" count="1" type="stmt"/>
      <line num="24" count="2" type="stmt"/>
    </file>
  </project>
</coverage>
