TN:
SF:src/bike.js
FN:2,(anonymous_0)
FN:6,(anonymous_1)
FNF:2
FNH:2
FNDA:1,(anonymous_0)
FNDA:1,(anonymous_1)
DA:3,1
DA:7,1
DA:11,2
LF:3
LH:3
BRF:0
BRH:0
end_of_record
TN:
SF:src/dockingStation.js
FN:5,(anonymous_0)
FN:11,(anonymous_1)
FN:16,(anonymous_2)
FN:23,(anonymous_3)
FN:24,(anonymous_4)
FN:39,(anonymous_5)
FNF:6
FNH:4
FNDA:2,(anonymous_0)
FNDA:7,(anonymous_1)
FNDA:5,(anonymous_2)
FNDA:0,(anonymous_3)
FNDA:0,(anonymous_4)
FNDA:6,(anonymous_5)
DA:1,1
DA:2,1
DA:6,2
DA:7,2
DA:8,2
DA:12,7
DA:13,6
DA:17,5
DA:19,2
DA:20,2
DA:24,0
DA:25,0
DA:27,0
DA:31,7
DA:35,5
DA:39,2
DA:40,6
DA:41,6
DA:43,6
DA:46,0
DA:51,1
LF:21
LH:17
BRDA:5,0,0,1
BRDA:5,1,0,2
BRDA:12,2,0,1
BRDA:12,2,1,6
BRDA:17,3,0,3
BRDA:17,3,1,2
BRDA:40,4,0,6
BRDA:40,4,1,0
BRF:8
BRH:7
end_of_record
TN:
SF:src/garage.js
FN:2,(anonymous_0)
FN:6,(anonymous_1)
FN:7,(anonymous_2)
FNF:3
FNH:3
FNDA:4,(anonymous_0)
FNDA:1,(anonymous_1)
FNDA:2,(anonymous_2)
DA:3,4
DA:7,1
DA:8,2
DA:13,3
LF:4
LH:4
BRF:0
BRH:0
end_of_record
TN:
SF:src/van.js
FN:4,(anonymous_0)
FN:9,(anonymous_1)
FN:10,(anonymous_2)
FN:16,(anonymous_3)
FN:17,(anonymous_4)
FNF:5
FNH:5
FNDA:3,(anonymous_0)
FNDA:1,(anonymous_1)
FNDA:2,(anonymous_2)
FNDA:1,(anonymous_3)
FNDA:2,(anonymous_4)
DA:1,2
DA:5,3
DA:6,3
DA:10,1
DA:11,2
DA:13,1
DA:17,1
DA:18,2
DA:20,1
DA:24,2
LF:10
LH:10
BRDA:4,0,0,3
BRF:1
BRH:1
end_of_record
